-------------------------------------------------------------------------------
Test set: TestSuite
-------------------------------------------------------------------------------
Tests run: 3, Failures: 1, Errors: 0, Skipped: 0, Time elapsed: 0.269 s <<< FAILURE! - in TestSuite
testSelectionSorts(hms.intern.SelectionSortTest)  Time elapsed: 0.006 s  <<< FAILURE!
java.lang.AssertionError:  expected [[I@13a57a3b] but found [[I@7ca48474]
	at hms.intern.SelectionSortTest.testSelectionSorts(SelectionSortTest.java:29)

